<?xml version="1.0" encoding="UTF-8"?>
<testsuite name="com.bridgelabz.employeepayrollservicetest.EmployeePayrollDBServiceTest" tests="1" skipped="0" failures="0" errors="0" timestamp="2021-08-01T12:40:56" hostname="NARUTO" time="0.378">
  <properties/>
  <testcase name="givenNewEmployeeSalaryShouldUpdateWithDatabase()" classname="com.bridgelabz.employeepayrollservicetest.EmployeePayrollDBServiceTest" time="0.378"/>
  <system-out><![CDATA[connecting to database
Connected Successfully!
Driver Loaded
 com.mysql.cj.jdbc.Driver
connecting to database
Connected Successfully!
Driver Loaded
 com.mysql.cj.jdbc.Driver
connecting to database
Connected Successfully!
Driver Loaded
 com.mysql.cj.jdbc.Driver
]]></system-out>
  <system-err><![CDATA[]]></system-err>
</testsuite>
