<?xml version="1.0" encoding="UTF-8"?>
<testsuite name="com.bridgelabz.employeepayrollservicetest.EmployeePayrollDBServiceTest" tests="4" skipped="0" failures="0" errors="0" timestamp="2021-08-01T13:03:52" hostname="NARUTO" time="0.265">
  <properties/>
  <testcase name="givenNewEmployeeSalaryShouldUpdateWithDatabase()" classname="com.bridgelabz.employeepayrollservicetest.EmployeePayrollDBServiceTest" time="0.235"/>
  <testcase name="givenDataRangeWhenRetrievedShouldMatchEmployeeCount()" classname="com.bridgelabz.employeepayrollservicetest.EmployeePayrollDBServiceTest" time="0.012"/>
  <testcase name="givenEmployeePayrollInDB_WhenRetrieved_ShouldMatchEmployeeCount()" classname="com.bridgelabz.employeepayrollservicetest.EmployeePayrollDBServiceTest" time="0.006"/>
  <testcase name="givenEmployeePayrollInDB_WhenRetrieved_ShouldnotMatchEmployeeCount()" classname="com.bridgelabz.employeepayrollservicetest.EmployeePayrollDBServiceTest" time="0.008"/>
  <system-out><![CDATA[connecting to database
Connected Successfully!
Driver Loaded
 com.mysql.cj.jdbc.Driver
connecting to database
Connected Successfully!
Driver Loaded
 com.mysql.cj.jdbc.Driver
connecting to database
Connected Successfully!
Driver Loaded
 com.mysql.cj.jdbc.Driver
connecting to database
Connected Successfully!
Driver Loaded
 com.mysql.cj.jdbc.Driver
connecting to database
Connected Successfully!
Driver Loaded
 com.mysql.cj.jdbc.Driver
connecting to database
Connected Successfully!
Driver Loaded
 com.mysql.cj.jdbc.Driver
connecting to database
Connected Successfully!
Driver Loaded
 com.mysql.cj.jdbc.Driver
]]></system-out>
  <system-err><![CDATA[]]></system-err>
</testsuite>
